Install patch DB
======================
## Beginning Installing Patch
## 01_ddl_tables_views_synonyms
drop_views
drop synonym department_config[INFO]: Success                                   
drop view vw_department_config[INFO]: Success                                   
ddl tables
create_drop_rename_tables block #1 - transport_message[INFO]: Success           
create_drop_rename_tables block #2 - department_config[INFO]: Success           
create_drop_rename_tables block #3 - REF_BOOK_NDFL[INFO ]: Success              
create_drop_rename_tables block #3 - report_period_import[INFO]: Success        
alter_tables
alter_tables block #1 - alter table declaration_data[INFO (created date)]:      
Success                                                                         
alter_tables block #1 - alter table declaration_data[INFO (created by)]: Success
alter_tables block #2 - alter table log_business[INFO]: Success                 
create_views
create_synonyms
Create synonyms for subsystem[INFO]: Success                                    
Create synonyms for subsystem[INFO]: Success                                    
## 02_templates
Create service tables...
Create table BLOB_NAMES_TMP...                                                  
Table BLOB_NAMES_TMP created.                                                   
Create table BLOB_ID_TMP...                                                     
Table BLOB_ID_TMP created.                                                      
Create table BLOB_DATA_TMP...                                                   
Table BLOB_DATA_TMP created.                                                    
Create table DECLARATION_TEMPLATE_TMP...                                        
Table DECLARATION_TEMPLATE_TMP created.                                         
Create table DECL_TEMPLATE_EVENT_SCRIPT_TMP...                                  
Table DECL_TEMPLATE_EVENT_SCRIPT_TMP created.                                   
Fill tables
======================
Fill service tables...




Fill tables...
Fill BLOB_DATA...
OK.
Fill DECLARATION_TEMPLATE...
OK.
Fill DECL_TEMPLATE_EVENT_SCRIPT...
OK.
Fill complete
======================
drop service tables
Drop table BLOB_NAMES_TMP...                                                    
Table BLOB_NAMES_TMP was dropped.                                               
Drop table BLOB_ID_TMP...                                                       
Table BLOB_ID_TMP was dropped.                                                  
Drop table BLOB_DATA_TMP...                                                     
Table BLOB_DATA_TMP was dropped.                                                
drop table DECLARATION_TEMPLATE_TMP...                                          
Table DECLARATION_TEMPLATE_TMP was dropped.                                     
drop table DECL_TEMPLATE_EVENT_SCRIPT_TMP...                                    
Table DECL_TEMPLATE_EVENT_SCRIPT_TMP was dropped.                               
## 03_update_dml.sql
insert and update and delete...
insert_update_delete block #1 - merge into event[INFO]: Success                 
insert_update_delete block #2 - merge into configuration[INFO]: Success         
insert_update_delete block #3 - delete old metadata[INFO]:Part1: Success        
insert_update_delete block #3 - delete old metadata[INFO]:Part2: Success        
insert_update_delete block #4 - add new task[INFO]: Success                     
insert_update_delete block #5 - add refs into ref_book[INFO]:Part1: Success     
insert_update_delete block #5 - add refs into ref_book[INFO]:Part2: Success     
insert_update_delete block #5 - add refs into ref_book[INFO]:Part3: Success     
insert_update_delete block #5 - fill department_config[INFO]:Part1: Success     
insert_update_delete block #6 - fill report_period_type[INFO]: Success          
insert_update_delete block #7 - add task[INFO]: Success                         
## 04_create_sequences
create sequences
create_sequences block #1 - seq_transport_message[INFO]: Success                
create_sequence block #2 - seq_department_config[INFO]: Success                 
## 05_procedures_packages
##create procedure reserve_task
##create package ndfl_tools
## 06_check_index_constraints
check_index
check_constraints
## gather statistics
gather schema statistics
Installation complete
======================
