Install patch DB
======================
## Beginning Installing Hotfix
##templates
Create service tables...
Create table BLOB_NAMES_TMP...                                                  
Table BLOB_NAMES_TMP created.                                                   
Create table BLOB_ID_TMP...                                                     
Table BLOB_ID_TMP created.                                                      
Create table BLOB_DATA_TMP...                                                   
Table BLOB_DATA_TMP created.                                                    
Create table DECLARATION_TEMPLATE_TMP...                                        
Table DECLARATION_TEMPLATE_TMP created.                                         
Create table DECL_TEMPLATE_EVENT_SCRIPT_TMP...                                  
Table DECL_TEMPLATE_EVENT_SCRIPT_TMP created.                                   
Fill tables
======================
Fill service tables...

Fill tables...
Fill BLOB_DATA...
OK.
Fill DECLARATION_TEMPLATE...
OK.
Fill DECL_TEMPLATE_EVENT_SCRIPT...
OK.
Fill complete
======================
drop service tables
Drop table BLOB_NAMES_TMP...                                                    
Table BLOB_NAMES_TMP was dropped.                                               
Drop table BLOB_ID_TMP...                                                       
Table BLOB_ID_TMP was dropped.                                                  
Drop table BLOB_DATA_TMP...                                                     
Table BLOB_DATA_TMP was dropped.                                                
drop table DECLARATION_TEMPLATE_TMP...                                          
Table DECLARATION_TEMPLATE_TMP was dropped.                                     
drop table DECL_TEMPLATE_EVENT_SCRIPT_TMP...                                    
Table DECL_TEMPLATE_EVENT_SCRIPT_TMP was dropped.                               
Installation complete
======================
